<?xml version="1.0" encoding="UTF-8"?>
<!-- Generated by org.testng.reporters.JUnitReportReporter -->
<testsuite skipped="1" hostname="RCT-7D020565H" name="com.versapay.qa.test.ProductOverviewPageTest" tests="1" failures="0" timestamp="01 Oct 2020 07:09:56 GMT" time="0.000" errors="0">
  <testcase name="bookFreeDemoTest" time="0.000" classname="com.versapay.qa.test.ProductOverviewPageTest">
    <skipped/>
  </testcase> <!-- bookFreeDemoTest -->
</testsuite> <!-- com.versapay.qa.test.ProductOverviewPageTest -->
