<?xml version="1.0" encoding="UTF-8"?>
<!-- Generated by org.testng.reporters.JUnitReportReporter -->
<testsuite skipped="0" hostname="RCT-7D020565H" name="com.versapay.qa.test.FAQPageTest" tests="1" failures="0" timestamp="01 Oct 2020 22:58:09 GMT" time="20.166" errors="0">
  <testcase name="verifyFQAlinks" time="20.166" classname="com.versapay.qa.test.FAQPageTest"/>
</testsuite> <!-- com.versapay.qa.test.FAQPageTest -->
