<?xml version="1.0" encoding="UTF-8"?>
<!-- Generated by org.testng.reporters.JUnitReportReporter -->
<testsuite skipped="1" hostname="RCT-7D020565H" name="com.versapay.qa.test.HomePageTest" tests="1" failures="0" timestamp="01 Oct 2020 05:24:37 GMT" time="0.000" errors="0">
  <testcase name="signUpTest" time="0.000" classname="com.versapay.qa.test.HomePageTest">
    <skipped/>
  </testcase> <!-- signUpTest -->
</testsuite> <!-- com.versapay.qa.test.HomePageTest -->
