<?xml version="1.0" encoding="UTF-8"?>
<!-- Generated by org.testng.reporters.JUnitReportReporter -->
<testsuite skipped="0" hostname="RCT-7D020565H" name="com.versapay.qa.test.ArIsChangingPageTest" tests="1" failures="0" timestamp="30 Sep 2020 20:04:20 GMT" time="28.035" errors="0">
  <testcase name="nameDisplayTest" time="28.035" classname="com.versapay.qa.test.ArIsChangingPageTest"/>
</testsuite> <!-- com.versapay.qa.test.ArIsChangingPageTest -->
